
ROM used:   2186/8192 (27%)
            2698/8192 (33%) including unused fragments

            1.4 Average locations per line
            7.8 Average locations per statement

RAM used:   18/368 (5%) at main() level
            43/368 (12%) worst case

Stack used: 5 worst case (5 in main + 0 for interrupts)
Stack size: 8

Lines Stmts  %   Files
----- ----- ---  -----
  297   195  70  laberinto.c
  810     0   0  ..\..\..\..\Program Files (x86)\PICC\devices\16F887.H
  456    84  30  ..\..\..\..\Program Files (x86)\PICC\drivers\LCD.c
----- -----
 1563   279 Total

Page ROM  %  RAM    Vol Diff  Functions:
---- --- --- ---    --- ----  ----------
0     20   1    1             @delay_ms1
 Inline         3    596  5.9  lcd_read_byte
0      6   0    0     59  4.2  lcd_read_nibble
0     13   1    1    179  3.3  lcd_send_nibble
0     64   3    3    460  4.7  lcd_send_byte
0     62   3    6    814  7.2  lcd_init
0     18   1    4    208  6.3  lcd_gotoxy
0     44   2    1    354  4.7  lcd_putc
0    162   7    8    475  5.3  distancia_cm
0     29   1    2             @ITOF
0     63   3   10             @FLT
0    202   9   14             @DIVFF
0    162   7    8    475  5.3  distancia_cm_R
0    162   7    8    475  5.3  distancia_cm_L
0     15   1    0    125  1.4  avance_low
0     14   1    0    125  1.4  izquierda
0     14   1    0    125  1.4  derecha
0     15   1    0    125  1.4  retroceso
0     18   1    0    125  1.4  giro
0     18   1    0    125  1.4  giro_L
0     13   1    0    125  1.4  pare
1    650  30   13   2805  7.0  MAIN
 Inline        13             @MULFF
 Inline         5             @FTOSD
0     79   4   13             @DIV3232
0    339  16   13             @PRINTF_L32D_733FPFPF
 Inline         0             @cinit1

Program metrics:
    Functions               18
    Statements              279
    Comments                250
    Volume (V)              12625
    Difficulty (D)          66.4
    Effort to implement (E) 838900
    Time to implement (T)   12 hours, 57 minutes
    Est Delivered Bugs (B)  3
    Cyclomatic Complexity   23
    Maintainability (MI)    68

 Segment     Used  Free
-----------  ----  ----
00000-00003     4  0  
00004-007FF  1532  512  
00800-00FFF   650  1398  
01000-017FF     0  2048  
01800-01FFF     0  2048  



